<?xml version="1.0" encoding="UTF-8"?>
<!-- Generated by org.testng.reporters.JUnitXMLReporter -->
<testsuite hostname="INBEN10234L" ignored="0" name="Test" tests="4" failures="0" timestamp="06 Feb 2019 11:53:05 GMT" time="52.876" errors="0">
  <testcase name="basePageNavigation" time="0.056" classname="Academy.validateTitle"/>
  <testcase name="basePageNavigation" time="18.531" classname="Academy.HomePage"/>
  <testcase name="basePageNavigation" time="6.764" classname="Academy.HomePage"/>
  <testcase name="basePageNavigation" time="0.073" classname="Academy.validateNavigationbar"/>
</testsuite> <!-- Test -->
